# JRE version: OpenJDK Runtime Environment (21.0.5) (build 21.0.5+-13047016-b750.29)
# Java VM: OpenJDK 64-Bit Server VM (21.0.5+-13047016-b750.29, mixed mode, tiered, compressed oops, compressed class ptrs, g1 gc, windows-amd64)
GC Precious Log:
 CardTable entry size: 512
 Card Set container configuration: InlinePtr #cards 5 size 8 Array Of Cards #cards 12 size 40 Howl #buckets 4 coarsen threshold 1843 Howl Bitmap #cards 512 size 80 coarsen threshold 460 Card regions per heap region 1 cards per card region 2048
 CPUs: 8 total, 8 available
 Memory: 7502M
 Large Page Support: Disabled
 NUMA Support: Disabled
 Compressed Oops: Enabled (32-bit)
 Heap Region Size: 1M
 Heap Min Capacity: 8M
 Heap Initial Capacity: 118M
 Heap Max Capacity: 1876M
 Pre-touch: Disabled
 Parallel Workers: 8
 Concurrent Workers: 2
 Concurrent Refinement Workers: 8
 Periodic GC: Disabled
Heap:
 garbage-first heap   total 161792K, used 124334K [0x000000008ac00000, 0x0000000100000000)
  region size 1024K, 46 young (47104K), 7 survivors (7168K)
 Metaspace       used 76175K, committed 76672K, reserved 1179648K
  class space    used 8223K, committed 8448K, reserved 1048576K
GC Heap History (20 events):
Event: 3.885 GC heap before
{Heap before GC invocations=15 (full 0):
 garbage-first heap   total 51200K, used 44026K [0x000000008ac00000, 0x0000000100000000)
  region size 1024K, 13 young (13312K), 2 survivors (2048K)
 Metaspace       used 49200K, committed 49472K, reserved 1114112K
  class space    used 5653K, committed 5760K, reserved 1048576K
}
Event: 3.895 GC heap after
{Heap after GC invocations=16 (full 0):
 garbage-first heap   total 62464K, used 34699K [0x000000008ac00000, 0x0000000100000000)
  region size 1024K, 2 young (2048K), 2 survivors (2048K)
 Metaspace       used 49200K, committed 49472K, reserved 1114112K
  class space    used 5653K, committed 5760K, reserved 1048576K
}
Event: 4.012 GC heap before
{Heap before GC invocations=16 (full 0):
 garbage-first heap   total 62464K, used 40843K [0x000000008ac00000, 0x0000000100000000)
  region size 1024K, 9 young (9216K), 2 survivors (2048K)
 Metaspace       used 49631K, committed 49984K, reserved 1114112K
  class space    used 5713K, committed 5888K, reserved 1048576K
}
Event: 4.020 GC heap after
{Heap after GC invocations=17 (full 0):
 garbage-first heap   total 62464K, used 36349K [0x000000008ac00000, 0x0000000100000000)
  region size 1024K, 2 young (2048K), 2 survivors (2048K)
 Metaspace       used 49631K, committed 49984K, reserved 1114112K
  class space    used 5713K, committed 5888K, reserved 1048576K
}
Event: 4.098 GC heap before
{Heap before GC invocations=18 (full 0):
 garbage-first heap   total 63488K, used 53757K [0x000000008ac00000, 0x0000000100000000)
  region size 1024K, 18 young (18432K), 2 survivors (2048K)
 Metaspace       used 49637K, committed 49984K, reserved 1114112K
  class space    used 5714K, committed 5888K, reserved 1048576K
}
Event: 4.110 GC heap after
{Heap after GC invocations=19 (full 0):
 garbage-first heap   total 63488K, used 43327K [0x000000008ac00000, 0x0000000100000000)
  region size 1024K, 3 young (3072K), 3 survivors (3072K)
 Metaspace       used 49637K, committed 49984K, reserved 1114112K
  class space    used 5714K, committed 5888K, reserved 1048576K
}
Event: 4.190 GC heap before
{Heap before GC invocations=19 (full 0):
 garbage-first heap   total 63488K, used 54591K [0x000000008ac00000, 0x0000000100000000)
  region size 1024K, 14 young (14336K), 3 survivors (3072K)
 Metaspace       used 49804K, committed 50112K, reserved 1114112K
  class space    used 5735K, committed 5888K, reserved 1048576K
}
Event: 4.203 GC heap after
{Heap after GC invocations=20 (full 0):
 garbage-first heap   total 63488K, used 47022K [0x000000008ac00000, 0x0000000100000000)
  region size 1024K, 2 young (2048K), 2 survivors (2048K)
 Metaspace       used 49804K, committed 50112K, reserved 1114112K
  class space    used 5735K, committed 5888K, reserved 1048576K
}
Event: 4.528 GC heap before
{Heap before GC invocations=20 (full 0):
 garbage-first heap   total 63488K, used 55214K [0x000000008ac00000, 0x0000000100000000)
  region size 1024K, 10 young (10240K), 2 survivors (2048K)
 Metaspace       used 50564K, committed 50816K, reserved 1114112K
  class space    used 5829K, committed 5952K, reserved 1048576K
}
Event: 4.533 GC heap after
{Heap after GC invocations=21 (full 0):
 garbage-first heap   total 63488K, used 48046K [0x000000008ac00000, 0x0000000100000000)
  region size 1024K, 1 young (1024K), 1 survivors (1024K)
 Metaspace       used 50564K, committed 50816K, reserved 1114112K
  class space    used 5829K, committed 5952K, reserved 1048576K
}
Event: 4.801 GC heap before
{Heap before GC invocations=22 (full 0):
 garbage-first heap   total 80896K, used 56238K [0x000000008ac00000, 0x0000000100000000)
  region size 1024K, 9 young (9216K), 1 survivors (1024K)
 Metaspace       used 50885K, committed 51264K, reserved 1114112K
  class space    used 5849K, committed 6016K, reserved 1048576K
}
Event: 4.808 GC heap after
{Heap after GC invocations=23 (full 0):
 garbage-first heap   total 80896K, used 49606K [0x000000008ac00000, 0x0000000100000000)
  region size 1024K, 2 young (2048K), 2 survivors (2048K)
 Metaspace       used 50885K, committed 51264K, reserved 1114112K
  class space    used 5849K, committed 6016K, reserved 1048576K
}
Event: 5.077 GC heap before
{Heap before GC invocations=23 (full 0):
 garbage-first heap   total 80896K, used 69062K [0x000000008ac00000, 0x0000000100000000)
  region size 1024K, 21 young (21504K), 2 survivors (2048K)
 Metaspace       used 51228K, committed 51584K, reserved 1114112K
  class space    used 5872K, committed 6016K, reserved 1048576K
}
Event: 5.093 GC heap after
{Heap after GC invocations=24 (full 0):
 garbage-first heap   total 161792K, used 54529K [0x000000008ac00000, 0x0000000100000000)
  region size 1024K, 3 young (3072K), 3 survivors (3072K)
 Metaspace       used 51228K, committed 51584K, reserved 1114112K
  class space    used 5872K, committed 6016K, reserved 1048576K
}
Event: 6.628 GC heap before
{Heap before GC invocations=24 (full 0):
 garbage-first heap   total 161792K, used 125185K [0x000000008ac00000, 0x0000000100000000)
  region size 1024K, 73 young (74752K), 3 survivors (3072K)
 Metaspace       used 56485K, committed 56832K, reserved 1114112K
  class space    used 6323K, committed 6464K, reserved 1048576K
}
Event: 6.660 GC heap after
{Heap after GC invocations=25 (full 0):
 garbage-first heap   total 161792K, used 69495K [0x000000008ac00000, 0x0000000100000000)
  region size 1024K, 10 young (10240K), 10 survivors (10240K)
 Metaspace       used 56485K, committed 56832K, reserved 1114112K
  class space    used 6323K, committed 6464K, reserved 1048576K
}
Event: 7.542 GC heap before
{Heap before GC invocations=25 (full 0):
 garbage-first heap   total 161792K, used 119671K [0x000000008ac00000, 0x0000000100000000)
  region size 1024K, 59 young (60416K), 10 survivors (10240K)
 Metaspace       used 63236K, committed 63552K, reserved 1114112K
  class space    used 6878K, committed 7040K, reserved 1048576K
}
Event: 7.567 GC heap after
{Heap after GC invocations=26 (full 0):
 garbage-first heap   total 161792K, used 77742K [0x000000008ac00000, 0x0000000100000000)
  region size 1024K, 8 young (8192K), 8 survivors (8192K)
 Metaspace       used 63236K, committed 63552K, reserved 1114112K
  class space    used 6878K, committed 7040K, reserved 1048576K
}
Event: 8.951 GC heap before
{Heap before GC invocations=26 (full 0):
 garbage-first heap   total 161792K, used 126894K [0x000000008ac00000, 0x0000000100000000)
  region size 1024K, 56 young (57344K), 8 survivors (8192K)
 Metaspace       used 68600K, committed 69056K, reserved 1114112K
  class space    used 7458K, committed 7616K, reserved 1048576K
}
Event: 8.972 GC heap after
{Heap after GC invocations=27 (full 0):
 garbage-first heap   total 161792K, used 85422K [0x000000008ac00000, 0x0000000100000000)
  region size 1024K, 7 young (7168K), 7 survivors (7168K)
 Metaspace       used 68600K, committed 69056K, reserved 1114112K
  class space    used 7458K, committed 7616K, reserved 1048576K
}

