# JRE version: OpenJDK Runtime Environment (21.0.5) (build 21.0.5+-13047016-b750.29)
# Java VM: OpenJDK 64-Bit Server VM (21.0.5+-13047016-b750.29, mixed mode, tiered, compressed oops, compressed class ptrs, g1 gc, windows-amd64)
GC Precious Log:
 CardTable entry size: 512
 Card Set container configuration: InlinePtr #cards 5 size 8 Array Of Cards #cards 12 size 40 Howl #buckets 4 coarsen threshold 1843 Howl Bitmap #cards 512 size 80 coarsen threshold 460 Card regions per heap region 1 cards per card region 2048
 CPUs: 8 total, 8 available
 Memory: 7502M
 Large Page Support: Disabled
 NUMA Support: Disabled
 Compressed Oops: Enabled (32-bit)
 Heap Region Size: 1M
 Heap Min Capacity: 8M
 Heap Initial Capacity: 118M
 Heap Max Capacity: 1876M
 Pre-touch: Disabled
 Parallel Workers: 8
 Concurrent Workers: 2
 Concurrent Refinement Workers: 8
 Periodic GC: Disabled
Heap:
 garbage-first heap   total 102400K, used 45666K [0x000000008ac00000, 0x0000000100000000)
  region size 1024K, 2 young (2048K), 2 survivors (2048K)
 Metaspace       used 49626K, committed 49920K, reserved 1114112K
  class space    used 5715K, committed 5824K, reserved 1048576K
GC Heap History (20 events):
Event: 1.824 GC heap after
{Heap after GC invocations=6 (full 0):
 garbage-first heap   total 35840K, used 15425K [0x000000008ac00000, 0x0000000100000000)
  region size 1024K, 2 young (2048K), 2 survivors (2048K)
 Metaspace       used 30586K, committed 30848K, reserved 1114112K
  class space    used 3757K, committed 3840K, reserved 1048576K
}
Event: 2.027 GC heap before
{Heap before GC invocations=6 (full 0):
 garbage-first heap   total 35840K, used 27713K [0x000000008ac00000, 0x0000000100000000)
  region size 1024K, 15 young (15360K), 2 survivors (2048K)
 Metaspace       used 33310K, committed 33600K, reserved 1114112K
  class space    used 4033K, committed 4160K, reserved 1048576K
}
Event: 2.034 GC heap after
{Heap after GC invocations=7 (full 0):
 garbage-first heap   total 45056K, used 16541K [0x000000008ac00000, 0x0000000100000000)
  region size 1024K, 2 young (2048K), 2 survivors (2048K)
 Metaspace       used 33310K, committed 33600K, reserved 1114112K
  class space    used 4033K, committed 4160K, reserved 1048576K
}
Event: 2.196 GC heap before
{Heap before GC invocations=7 (full 0):
 garbage-first heap   total 45056K, used 24733K [0x000000008ac00000, 0x0000000100000000)
  region size 1024K, 11 young (11264K), 2 survivors (2048K)
 Metaspace       used 35692K, committed 35968K, reserved 1114112K
  class space    used 4279K, committed 4416K, reserved 1048576K
}
Event: 2.200 GC heap after
{Heap after GC invocations=8 (full 0):
 garbage-first heap   total 45056K, used 17518K [0x000000008ac00000, 0x0000000100000000)
  region size 1024K, 2 young (2048K), 2 survivors (2048K)
 Metaspace       used 35692K, committed 35968K, reserved 1114112K
  class space    used 4279K, committed 4416K, reserved 1048576K
}
Event: 2.521 GC heap before
{Heap before GC invocations=9 (full 0):
 garbage-first heap   total 45056K, used 34926K [0x000000008ac00000, 0x0000000100000000)
  region size 1024K, 20 young (20480K), 2 survivors (2048K)
 Metaspace       used 40935K, committed 41216K, reserved 1114112K
  class space    used 4812K, committed 4928K, reserved 1048576K
}
Event: 2.525 GC heap after
{Heap after GC invocations=10 (full 0):
 garbage-first heap   total 45056K, used 17973K [0x000000008ac00000, 0x0000000100000000)
  region size 1024K, 2 young (2048K), 2 survivors (2048K)
 Metaspace       used 40935K, committed 41216K, reserved 1114112K
  class space    used 4812K, committed 4928K, reserved 1048576K
}
Event: 3.113 GC heap before
{Heap before GC invocations=10 (full 0):
 garbage-first heap   total 45056K, used 37429K [0x000000008ac00000, 0x0000000100000000)
  region size 1024K, 21 young (21504K), 2 survivors (2048K)
 Metaspace       used 44409K, committed 44736K, reserved 1114112K
  class space    used 5162K, committed 5312K, reserved 1048576K
}
Event: 3.127 GC heap after
{Heap after GC invocations=11 (full 0):
 garbage-first heap   total 45056K, used 20777K [0x000000008ac00000, 0x0000000100000000)
  region size 1024K, 3 young (3072K), 3 survivors (3072K)
 Metaspace       used 44409K, committed 44736K, reserved 1114112K
  class space    used 5162K, committed 5312K, reserved 1048576K
}
Event: 3.507 GC heap before
{Heap before GC invocations=11 (full 0):
 garbage-first heap   total 45056K, used 37161K [0x000000008ac00000, 0x0000000100000000)
  region size 1024K, 19 young (19456K), 3 survivors (3072K)
 Metaspace       used 45187K, committed 45504K, reserved 1114112K
  class space    used 5222K, committed 5376K, reserved 1048576K
}
Event: 3.518 GC heap after
{Heap after GC invocations=12 (full 0):
 garbage-first heap   total 55296K, used 25896K [0x000000008ac00000, 0x0000000100000000)
  region size 1024K, 3 young (3072K), 3 survivors (3072K)
 Metaspace       used 45187K, committed 45504K, reserved 1114112K
  class space    used 5222K, committed 5376K, reserved 1048576K
}
Event: 3.809 GC heap before
{Heap before GC invocations=12 (full 0):
 garbage-first heap   total 55296K, used 43304K [0x000000008ac00000, 0x0000000100000000)
  region size 1024K, 21 young (21504K), 3 survivors (3072K)
 Metaspace       used 46717K, committed 46976K, reserved 1114112K
  class space    used 5397K, committed 5504K, reserved 1048576K
}
Event: 3.818 GC heap after
{Heap after GC invocations=13 (full 0):
 garbage-first heap   total 55296K, used 30480K [0x000000008ac00000, 0x0000000100000000)
  region size 1024K, 3 young (3072K), 3 survivors (3072K)
 Metaspace       used 46717K, committed 46976K, reserved 1114112K
  class space    used 5397K, committed 5504K, reserved 1048576K
}
Event: 4.119 GC heap before
{Heap before GC invocations=13 (full 0):
 garbage-first heap   total 55296K, used 45840K [0x000000008ac00000, 0x0000000100000000)
  region size 1024K, 18 young (18432K), 3 survivors (3072K)
 Metaspace       used 49093K, committed 49408K, reserved 1114112K
  class space    used 5639K, committed 5760K, reserved 1048576K
}
Event: 4.130 GC heap after
{Heap after GC invocations=14 (full 0):
 garbage-first heap   total 55296K, used 33485K [0x000000008ac00000, 0x0000000100000000)
  region size 1024K, 3 young (3072K), 3 survivors (3072K)
 Metaspace       used 49093K, committed 49408K, reserved 1114112K
  class space    used 5639K, committed 5760K, reserved 1048576K
}
Event: 4.434 GC heap before
{Heap before GC invocations=15 (full 0):
 garbage-first heap   total 58368K, used 45773K [0x000000008ac00000, 0x0000000100000000)
  region size 1024K, 16 young (16384K), 3 survivors (3072K)
 Metaspace       used 49599K, committed 49856K, reserved 1114112K
  class space    used 5715K, committed 5824K, reserved 1048576K
}
Event: 4.445 GC heap after
{Heap after GC invocations=16 (full 0):
 garbage-first heap   total 58368K, used 36169K [0x000000008ac00000, 0x0000000100000000)
  region size 1024K, 2 young (2048K), 2 survivors (2048K)
 Metaspace       used 49599K, committed 49856K, reserved 1114112K
  class space    used 5715K, committed 5824K, reserved 1048576K
}
Event: 4.490 GC heap before
{Heap before GC invocations=16 (full 0):
 garbage-first heap   total 58368K, used 50505K [0x000000008ac00000, 0x0000000100000000)
  region size 1024K, 15 young (15360K), 2 survivors (2048K)
 Metaspace       used 49609K, committed 49856K, reserved 1114112K
  class space    used 5715K, committed 5824K, reserved 1048576K
}
Event: 4.502 GC heap after
{Heap after GC invocations=17 (full 0):
 garbage-first heap   total 58368K, used 41984K [0x000000008ac00000, 0x0000000100000000)
  region size 1024K, 2 young (2048K), 2 survivors (2048K)
 Metaspace       used 49609K, committed 49856K, reserved 1114112K
  class space    used 5715K, committed 5824K, reserved 1048576K
}
Event: 4.549 GC heap before
{Heap before GC invocations=17 (full 0):
 garbage-first heap   total 58368K, used 51200K [0x000000008ac00000, 0x0000000100000000)
  region size 1024K, 11 young (11264K), 2 survivors (2048K)
 Metaspace       used 49626K, committed 49920K, reserved 1114112K
  class space    used 5715K, committed 5824K, reserved 1048576K
}

