# JRE version: OpenJDK Runtime Environment (21.0.5) (build 21.0.5+-13047016-b750.29)
# Java VM: OpenJDK 64-Bit Server VM (21.0.5+-13047016-b750.29, mixed mode, tiered, compressed oops, compressed class ptrs, g1 gc, windows-amd64)
GC Precious Log:
 CardTable entry size: 512
 Card Set container configuration: InlinePtr #cards 5 size 8 Array Of Cards #cards 12 size 40 Howl #buckets 4 coarsen threshold 1843 Howl Bitmap #cards 512 size 80 coarsen threshold 460 Card regions per heap region 1 cards per card region 2048
 CPUs: 8 total, 8 available
 Memory: 7502M
 Large Page Support: Disabled
 NUMA Support: Disabled
 Compressed Oops: Enabled (32-bit)
 Heap Region Size: 1M
 Heap Min Capacity: 8M
 Heap Initial Capacity: 118M
 Heap Max Capacity: 1876M
 Pre-touch: Disabled
 Parallel Workers: 8
 Concurrent Workers: 2
 Concurrent Refinement Workers: 8
 Periodic GC: Disabled
Heap:
 garbage-first heap   total 101376K, used 78619K [0x000000008ac00000, 0x0000000100000000)
  region size 1024K, 24 young (24576K), 4 survivors (4096K)
 Metaspace       used 55087K, committed 55424K, reserved 1114112K
  class space    used 6190K, committed 6336K, reserved 1048576K
GC Heap History (20 events):
Event: 3.242 GC heap before
{Heap before GC invocations=11 (full 0):
 garbage-first heap   total 41984K, used 35308K [0x000000008ac00000, 0x0000000100000000)
  region size 1024K, 19 young (19456K), 2 survivors (2048K)
 Metaspace       used 44307K, committed 44544K, reserved 1114112K
  class space    used 5152K, committed 5248K, reserved 1048576K
}
Event: 3.250 GC heap after
{Heap after GC invocations=12 (full 0):
 garbage-first heap   total 41984K, used 19323K [0x000000008ac00000, 0x0000000100000000)
  region size 1024K, 3 young (3072K), 3 survivors (3072K)
 Metaspace       used 44307K, committed 44544K, reserved 1114112K
  class space    used 5152K, committed 5248K, reserved 1048576K
}
Event: 3.593 GC heap before
{Heap before GC invocations=12 (full 0):
 garbage-first heap   total 41984K, used 35707K [0x000000008ac00000, 0x0000000100000000)
  region size 1024K, 19 young (19456K), 3 survivors (3072K)
 Metaspace       used 45109K, committed 45376K, reserved 1114112K
  class space    used 5213K, committed 5312K, reserved 1048576K
}
Event: 3.607 GC heap after
{Heap after GC invocations=13 (full 0):
 garbage-first heap   total 54272K, used 24716K [0x000000008ac00000, 0x0000000100000000)
  region size 1024K, 3 young (3072K), 3 survivors (3072K)
 Metaspace       used 45109K, committed 45376K, reserved 1114112K
  class space    used 5213K, committed 5312K, reserved 1048576K
}
Event: 3.917 GC heap before
{Heap before GC invocations=13 (full 0):
 garbage-first heap   total 54272K, used 42124K [0x000000008ac00000, 0x0000000100000000)
  region size 1024K, 21 young (21504K), 3 survivors (3072K)
 Metaspace       used 46196K, committed 46464K, reserved 1114112K
  class space    used 5323K, committed 5440K, reserved 1048576K
}
Event: 3.928 GC heap after
{Heap after GC invocations=14 (full 0):
 garbage-first heap   total 54272K, used 30487K [0x000000008ac00000, 0x0000000100000000)
  region size 1024K, 3 young (3072K), 3 survivors (3072K)
 Metaspace       used 46196K, committed 46464K, reserved 1114112K
  class space    used 5323K, committed 5440K, reserved 1048576K
}
Event: 4.263 GC heap before
{Heap before GC invocations=14 (full 0):
 garbage-first heap   total 54272K, used 44823K [0x000000008ac00000, 0x0000000100000000)
  region size 1024K, 17 young (17408K), 3 survivors (3072K)
 Metaspace       used 48836K, committed 49152K, reserved 1114112K
  class space    used 5609K, committed 5760K, reserved 1048576K
}
Event: 4.269 GC heap after
{Heap after GC invocations=15 (full 0):
 garbage-first heap   total 54272K, used 33083K [0x000000008ac00000, 0x0000000100000000)
  region size 1024K, 2 young (2048K), 2 survivors (2048K)
 Metaspace       used 48836K, committed 49152K, reserved 1114112K
  class space    used 5609K, committed 5760K, reserved 1048576K
}
Event: 4.540 GC heap before
{Heap before GC invocations=16 (full 0):
 garbage-first heap   total 56320K, used 46395K [0x000000008ac00000, 0x0000000100000000)
  region size 1024K, 15 young (15360K), 2 survivors (2048K)
 Metaspace       used 49361K, committed 49664K, reserved 1114112K
  class space    used 5674K, committed 5824K, reserved 1048576K
}
Event: 4.547 GC heap after
{Heap after GC invocations=17 (full 0):
 garbage-first heap   total 56320K, used 35359K [0x000000008ac00000, 0x0000000100000000)
  region size 1024K, 2 young (2048K), 2 survivors (2048K)
 Metaspace       used 49361K, committed 49664K, reserved 1114112K
  class space    used 5674K, committed 5824K, reserved 1048576K
}
Event: 4.618 GC heap before
{Heap before GC invocations=17 (full 0):
 garbage-first heap   total 56320K, used 48671K [0x000000008ac00000, 0x0000000100000000)
  region size 1024K, 15 young (15360K), 2 survivors (2048K)
 Metaspace       used 49610K, committed 49920K, reserved 1114112K
  class space    used 5708K, committed 5888K, reserved 1048576K
}
Event: 4.631 GC heap after
{Heap after GC invocations=18 (full 0):
 garbage-first heap   total 57344K, used 40695K [0x000000008ac00000, 0x0000000100000000)
  region size 1024K, 2 young (2048K), 2 survivors (2048K)
 Metaspace       used 49610K, committed 49920K, reserved 1114112K
  class space    used 5708K, committed 5888K, reserved 1048576K
}
Event: 4.659 GC heap before
{Heap before GC invocations=18 (full 0):
 garbage-first heap   total 57344K, used 49911K [0x000000008ac00000, 0x0000000100000000)
  region size 1024K, 11 young (11264K), 2 survivors (2048K)
 Metaspace       used 49620K, committed 49984K, reserved 1114112K
  class space    used 5708K, committed 5888K, reserved 1048576K
}
Event: 4.665 GC heap after
{Heap after GC invocations=19 (full 0):
 garbage-first heap   total 97280K, used 44736K [0x000000008ac00000, 0x0000000100000000)
  region size 1024K, 2 young (2048K), 2 survivors (2048K)
 Metaspace       used 49620K, committed 49984K, reserved 1114112K
  class space    used 5708K, committed 5888K, reserved 1048576K
}
Event: 5.293 GC heap before
{Heap before GC invocations=20 (full 0):
 garbage-first heap   total 97280K, used 73408K [0x000000008ac00000, 0x0000000100000000)
  region size 1024K, 30 young (30720K), 2 survivors (2048K)
 Metaspace       used 50905K, committed 51200K, reserved 1114112K
  class space    used 5845K, committed 5952K, reserved 1048576K
}
Event: 5.307 GC heap after
{Heap after GC invocations=21 (full 0):
 garbage-first heap   total 97280K, used 51089K [0x000000008ac00000, 0x0000000100000000)
  region size 1024K, 4 young (4096K), 4 survivors (4096K)
 Metaspace       used 50905K, committed 51200K, reserved 1114112K
  class space    used 5845K, committed 5952K, reserved 1048576K
}
Event: 5.725 GC heap before
{Heap before GC invocations=21 (full 0):
 garbage-first heap   total 97280K, used 75665K [0x000000008ac00000, 0x0000000100000000)
  region size 1024K, 28 young (28672K), 4 survivors (4096K)
 Metaspace       used 51837K, committed 52160K, reserved 1114112K
  class space    used 5917K, committed 6080K, reserved 1048576K
}
Event: 5.746 GC heap after
{Heap after GC invocations=22 (full 0):
 garbage-first heap   total 97280K, used 56597K [0x000000008ac00000, 0x0000000100000000)
  region size 1024K, 4 young (4096K), 4 survivors (4096K)
 Metaspace       used 51837K, committed 52160K, reserved 1114112K
  class space    used 5917K, committed 6080K, reserved 1048576K
}
Event: 6.292 GC heap before
{Heap before GC invocations=22 (full 0):
 garbage-first heap   total 97280K, used 78101K [0x000000008ac00000, 0x0000000100000000)
  region size 1024K, 26 young (26624K), 4 survivors (4096K)
 Metaspace       used 54639K, committed 54976K, reserved 1114112K
  class space    used 6174K, committed 6336K, reserved 1048576K
}
Event: 6.307 GC heap after
{Heap after GC invocations=23 (full 0):
 garbage-first heap   total 97280K, used 60187K [0x000000008ac00000, 0x0000000100000000)
  region size 1024K, 4 young (4096K), 4 survivors (4096K)
 Metaspace       used 54639K, committed 54976K, reserved 1114112K
  class space    used 6174K, committed 6336K, reserved 1048576K
}

